MPASM  5.51                EXTERNALBUZZER.ASM   4-16-2019  11:43:41         PAGE  1


LOC  OBJECT CODE     LINE SOURCE TEXT
  VALUE

                      00001 ;Digital Piano
                      00002 ;This version is for on board buzzer
                      00003                 LIST   P=18F4520
                      00004                 #include <P18F4520.INC>
                      00001         LIST
                      00002 
                      00003 ;==========================================================================
                      00004 ;  MPASM PIC18F4520 processor include
                      00005 ; 
                      00006 ;  (c) Copyright 1999-2013 Microchip Technology, All rights reserved
                      00007 ;==========================================================================
                      00008 
                      01488         LIST
01 1F 1E 83 81 0F C0 000005                 CONFIG OSC = XT
       F E0 0F 40 
                      00006                 CONFIG WDT = OFF
                      00007                 CONFIG LVP = OFF
                      00008 
                      00009 ;----------------------------define own function
                      00010 MOVLF           MACRO           Num, Dest
                      00011                 MOVLW           Num
                      00012                 MOVWF           Dest
                      00013                 ENDM
                      00014 
                      00015 SETTBL          MACRO           Num
                      00016                 MOVLF           low Num, TBLPTRL
                      00017                 MOVLF           high Num, TBLPTRH
                      00018                 MOVLF           upper Num, TBLPTRU
                      00019                 ENDM
                      00020 ;---------------------------------------------------
                      00021 ;CBLOCK will translate all variables into numbers before compiling
                      00022                 CBLOCK  0x00
  00000000            00023                         Delay_High
  00000001            00024                         Delay_Low
  00000002            00025                         D1
  00000003            00026                         D2
  00000004            00027                         Delay
  00000005            00028                 Note
  00000006            00029                         HalfPeriod
  00000007            00030                 Counter
  00000008            00031                 Record
                      00032                 ENDC
                      00033 ;---------------------------------------------------
                      00034 ;ORG will indicate where all the below operations are located
000000                00035                 ORG             0x00
000000 EF18 F000      00036                 GOTO            Setup
                      00037 ;---------------------------------------------------
  00000F82            00038 ButtomPin       EQU                     PORTC
  00000F81            00039 SoundPin        EQU                     PORTB
  00000F83            00040 LEDPin          EQU                     PORTD
                      00041 
000030                00042                 ORG             0x30
000030 6A95           00043 Setup:          CLRF            TRISD
MPASM  5.51                EXTERNALBUZZER.ASM   4-16-2019  11:43:41         PAGE  2


LOC  OBJECT CODE     LINE SOURCE TEXT
  VALUE

                      00044                 MOVLF           0x0F, TRISC     ;4*4 Matrix
000032 0E0F               M                 MOVLW           0x0F
000034 6E94               M                 MOVWF           TRISC
000036 6A93           00045                         CLRF            TRISB           
000038 6A83           00046                 CLRF            LEDPin          ;LED
00003A 6A81           00047                 CLRF            SoundPin        ;Sound
00003C 6882           00048                 SETF            ButtomPin       ;Buttom
00003E EE00 F008      00049                 LFSR            0, Record
000042 6A07           00050                         CLRF            Counter
                      00051                 SETTBL          PeriodTable     ;move the address of PeriodTable into table pointer
                          M                 MOVLF           low PeriodTable, TBLPTRL
000044 0E00               M                 MOVLW           low PeriodTable
000046 6EF6               M                 MOVWF           TBLPTRL
                          M                 MOVLF           high PeriodTable, TBLPTRH
000048 0E08               M                 MOVLW           high PeriodTable
00004A 6EF7               M                 MOVWF           TBLPTRH
                          M                 MOVLF           upper PeriodTable, TBLPTRU
00004C 0E00               M                 MOVLW           upper PeriodTable
00004E 6EF8               M                 MOVWF           TBLPTRU
                      00052 ;---------------------------------------------------
000050 EC3B F000      00053 Main:           Call            GetNote
000054 52E8           00054                         MOVF            WREG
000056 E0FC           00055                         BZ              Main
000058 6E05           00056                         MOVWF           Note
00005A BE05           00057                         BTFSC           Note, 7         ;Play Record
00005C D065           00058                         BRA                     PlayRecord      ;If buttom 0 is bressed
00005E 2A07           00059                         INCF            Counter
000060 C005 FFEE      00060                 MOVFF           Note, POSTINC0
000064 EC64 F000      00061                 Call            Lookup7Seg      
000068 6E83           00062                 MOVWF           LEDPin          ;Show LED
00006A EC78 F000      00063                 Call            GetFreq
00006E EC80 F000      00064                 Call            PlaySound
000072 6A83           00065                 CLRF            LEDPin
000074 D7ED           00066                 BRA             Main
                      00067 ;---------------------------------------------------
                      00068 GetNote:        MOVLF           B'01110000', ButtomPin
000076 0E70               M                 MOVLW           B'01110000'
000078 6E82               M                 MOVWF           ButtomPin
00007A A082           00069                         BTFSS           ButtomPin, 0
00007C 0CFF           00070                         RETLW           0xFF
00007E A282           00071                         BTFSS           ButtomPin, 1
000080 0C01           00072                         RETLW           D'1'
000082 A482           00073                         BTFSS           ButtomPin, 2
000084 0C02           00074                         RETLW           D'2'
000086 A682           00075                         BTFSS           ButtomPin, 3
000088 0C03           00076                         RETLW           D'3'                    
                      00077                         MOVLF           B'10110000', ButtomPin
00008A 0EB0               M                 MOVLW           B'10110000'
00008C 6E82               M                 MOVWF           ButtomPin
00008E A082           00078                         BTFSS           ButtomPin, 0
000090 0C04           00079                         RETLW           D'4'
000092 A282           00080                         BTFSS           ButtomPin, 1
000094 0C05           00081                         RETLW           D'5'
MPASM  5.51                EXTERNALBUZZER.ASM   4-16-2019  11:43:41         PAGE  3


LOC  OBJECT CODE     LINE SOURCE TEXT
  VALUE

000096 A482           00082                         BTFSS           ButtomPin, 2
000098 0C06           00083                         RETLW           D'6'
00009A A682           00084                         BTFSS           ButtomPin, 3
00009C 0C07           00085                         RETLW           D'7'                    
                      00086                         MOVLF           B'11010000', ButtomPin
00009E 0ED0               M                 MOVLW           B'11010000'
0000A0 6E82               M                 MOVWF           ButtomPin
0000A2 A082           00087                         BTFSS           ButtomPin, 0
0000A4 0C08           00088                         RETLW           D'8'
0000A6 A282           00089                         BTFSS           ButtomPin, 1
0000A8 0C09           00090                         RETLW           D'9'
0000AA A482           00091                         BTFSS           ButtomPin, 2
0000AC 0C0A           00092                         RETLW           D'10'
0000AE A682           00093                         BTFSS           ButtomPin, 3
0000B0 0C0B           00094                         RETLW           D'11'                   
                      00095                         MOVLF           B'11100000', ButtomPin
0000B2 0EE0               M                 MOVLW           B'11100000'
0000B4 6E82               M                 MOVWF           ButtomPin
0000B6 A082           00096                         BTFSS           ButtomPin, 0
0000B8 0C0C           00097                         RETLW           D'12'
0000BA A282           00098                         BTFSS           ButtomPin, 1
0000BC 0C0D           00099                         RETLW           D'13'
0000BE A482           00100                         BTFSS           ButtomPin, 2
0000C0 0C0E           00101                         RETLW           D'14'
0000C2 A682           00102                         BTFSS           ButtomPin, 3
0000C4 0C0F           00103                         RETLW           D'15'
0000C6 0C00           00104                         RETLW           0x0
                      00105 ;---------------------------------------------------
0000C8                00106 Lookup7Seg:
0000C8 5005           00107                         MOVF            Note, W
0000CA 0D02           00108                 MULLW           0x2
0000CC 50F3           00109                 MOVF            PRODL, W
0000CE 26F9           00110                 ADDWF           PCL, F
0000D0 0C00           00111                 RETLW           0x00
0000D2 0C39           00112                 RETLW           0x39            ;C
0000D4 0C5E           00113                 RETLW           0x5E            ;D
0000D6 0C79           00114                 RETLW           0x79            ;E
0000D8 0C71           00115                 RETLW           0x71            ;F
0000DA 0C7D           00116                 RETLW           0x7D            ;G
0000DC 0C77           00117                 RETLW           0x77            ;A
0000DE 0C7C           00118                 RETLW           0x7C            ;B
0000E0 0C39           00119                 RETLW           0x39            ;C
0000E2 0C5E           00120                 RETLW           0x5E            ;D
0000E4 0C79           00121                 RETLW           0x79            ;E
0000E6 0C71           00122                 RETLW           0x71            ;F
0000E8 0C7D           00123                         RETLW           0x7D            ;G
0000EA 0C77           00124                 RETLW           0x77            ;A
0000EC 0C7C           00125                 RETLW           0x7C            ;B
0000EE 0C39           00126                 RETLW           0x39            ;C
                      00127                 
                      00128 ;---------------------------------------------------
0000F0                00129 GetFreq:
0000F0 5005           00130                         MOVF            Note, W
MPASM  5.51                EXTERNALBUZZER.ASM   4-16-2019  11:43:41         PAGE  4


LOC  OBJECT CODE     LINE SOURCE TEXT
  VALUE

0000F2 26F6           00131                 ADDWF           TBLPTRL
0000F4 0008           00132                 TBLRD*
0000F6 CFF5 F006      00133                 MOVFF           TABLAT, HalfPeriod
                      00134                 MOVLF           low PeriodTable, TBLPTRL ;move TABLAT back to lowPeriodTable
0000FA 0E00               M                 MOVLW           low PeriodTable
0000FC 6EF6               M                 MOVWF           TBLPTRL
0000FE 0012           00135                 Return
                      00136 ;---------------------------------------------------
000100                00137 PlaySound:
                      00138                         MOVLF           D'10',  D2
000100 0E0A               M                 MOVLW           D'10'
000102 6E03               M                 MOVWF           D2
                      00139 A2:                     MOVLF           D'60', D1  
000104 0E3C               M                 MOVLW           D'60'
000106 6E02               M                 MOVWF           D1
000108 6881           00140 A1:             SETF            SoundPin
00010A C006 F004      00141                         MOVFF           HalfPeriod, Delay   ;2*1
00010E 0604           00142 Lp1:            DECF            Delay                           ;N
000110 E1FE           00143                         BNZ             Lp1                     ;2(N-1) + 1
                      00144 
000112 6A81           00145                         CLRF            SoundPin
000114 C006 F004      00146                         MOVFF           HalfPeriod, Delay   ;2*1
000118 0604           00147 Lp2:            DECF            Delay                           ;N
00011A E1FE           00148                         BNZ             Lp2                     ;2(N-1) + 1
                      00149                         
00011C 0602           00150                         DECF            D1
00011E E1F4           00151                         BNZ             A1
                      00152                         
000120 0603           00153                         DECF            D2
000122 E1F0           00154                         BNZ                     A2
                      00155 
000124 6A81           00156                         CLRF            SoundPin
000126 0012           00157                         Return
                      00158 ;---------------------------------------------------
000128 EE00 F008      00159 PlayRecord:     LFSR            0, Record
00012C 5207           00160                         MOVF            Counter
00012E E080           00161                         BZ                      Setup
                      00162                         
000130 CFEE F005      00163 NextNote:       MOVFF           POSTINC0, Note          ;lowPeriodTable
000134 EC64 F000      00164                         Call            Lookup7Seg      
000138 6E83           00165                 MOVWF           LEDPin          ;Show LED
00013A EC78 F000      00166                 Call            GetFreq
00013E EC80 F000      00167                 Call            PlaySound
000142 6A83           00168                 CLRF            LEDPin
000144 ECAA F000      00169                         Call            Pause
000148 0607           00170                         DECF            Counter
00014A E1F2           00171                 BNZ             NextNote
                      00172                   
00014C EE00 F008      00173                 LFSR            0, Record
000150 EF18 F000      00174                 GOTO            Setup
                      00175 ;---------------------------------------------------
000154                00176 Pause:          
                      00177                         MOVLF           0xFF, Delay_High
MPASM  5.51                EXTERNALBUZZER.ASM   4-16-2019  11:43:41         PAGE  5


LOC  OBJECT CODE     LINE SOURCE TEXT
  VALUE

000154 0EFF               M                 MOVLW           0xFF
000156 6E00               M                 MOVWF           Delay_High
                      00178 N1:                     MOVLF           0x15, Delay_Low
000158 0E15               M                 MOVLW           0x15
00015A 6E01               M                 MOVWF           Delay_Low
00015C 0000           00179 N2:                     Nop                     
00015E 0601           00180                         DECF            Delay_Low
000160 E1FD           00181                         BNZ                     N2
000162 0600           00182                         DECF            Delay_High
000164 E1F9           00183                         BNZ                     N1
000166 0012           00184                         Return
                      00185 ;---------------------------------------------------
000800                00186                         ORG             0x800
000800                00187 PeriodTable:
000800 9F00 7E8D 6A77 00188                         DB              D'0', D'159', D'141', D'126', D'119', D'106', D'94', D'84', D'79
                            ', D'70', D'63', D'59', D'53', D'47', D'42', D'39'
       545E 464F 3B3F 
       2F35 272A 
                      00189                 END
MPASM  5.51                EXTERNALBUZZER.ASM   4-16-2019  11:43:41         PAGE  6


SYMBOL TABLE
  LABEL                             VALUE 

A                                 00000000
A1                                00000108
A2                                00000104
ABDEN                             00000000
ABDOVF                            00000007
ACCESS                            00000000
ACKDT                             00000005
ACKEN                             00000004
ACKSTAT                           00000006
ACQT0                             00000003
ACQT1                             00000004
ACQT2                             00000005
ADCON0                            00000FC2
ADCON1                            00000FC1
ADCON2                            00000FC0
ADCS0                             00000000
ADCS1                             00000001
ADCS2                             00000002
ADDEN                             00000003
ADEN                              00000003
ADFM                              00000007
ADIE                              00000006
ADIF                              00000006
ADIP                              00000006
ADMSK1                            00000001
ADMSK2                            00000002
ADMSK3                            00000003
ADMSK4                            00000004
ADMSK5                            00000005
ADON                              00000000
ADRES                             00000FC3
ADRESH                            00000FC4
ADRESL                            00000FC3
AN0                               00000000
AN1                               00000001
AN10                              00000001
AN11                              00000004
AN12                              00000000
AN2                               00000002
AN3                               00000003
AN4                               00000005
AN5                               00000000
AN6                               00000001
AN7                               00000002
AN8                               00000002
AN9                               00000003
BANKED                            00000001
BAUDCON                           00000FB8
BAUDCTL                           00000FB8
BCLIE                             00000003
BCLIF                             00000003
BCLIP                             00000003
BF                                00000000
MPASM  5.51                EXTERNALBUZZER.ASM   4-16-2019  11:43:41         PAGE  7


SYMBOL TABLE
  LABEL                             VALUE 

BGST                              00000005
BOR                               00000000
BRG16                             00000003
BRGH                              00000002
BSR                               00000FE0
ButtomPin                         00000F82
C                                 00000000
C1INV                             00000004
C1OUT_CMCON                       00000006
C1OUT_PORTA                       00000004
C2INV                             00000005
C2OUT_CMCON                       00000007
C2OUT_PORTA                       00000005
CCP1                              00000002
CCP1CON                           00000FBD
CCP1IE                            00000002
CCP1IF                            00000002
CCP1IP                            00000002
CCP1M0                            00000000
CCP1M1                            00000001
CCP1M2                            00000002
CCP1M3                            00000003
CCP1X                             00000005
CCP1Y                             00000004
CCP2CON                           00000FBA
CCP2IE                            00000000
CCP2IF                            00000000
CCP2IP                            00000000
CCP2M0                            00000000
CCP2M1                            00000001
CCP2M2                            00000002
CCP2M3                            00000003
CCP2X                             00000005
CCP2Y                             00000004
CCP2_PORTB                        00000003
CCP2_PORTC                        00000001
CCPR1                             00000FBE
CCPR1H                            00000FBF
CCPR1L                            00000FBE
CCPR2                             00000FBB
CCPR2H                            00000FBC
CCPR2L                            00000FBB
CFGS                              00000006
CHS0                              00000002
CHS1                              00000003
CHS2                              00000004
CHS3                              00000005
CIS                               00000003
CK                                00000006
CKE                               00000006
CKP                               00000004
CLKI                              00000007
CLKO                              00000006
MPASM  5.51                EXTERNALBUZZER.ASM   4-16-2019  11:43:41         PAGE  8


SYMBOL TABLE
  LABEL                             VALUE 

CM0                               00000000
CM1                               00000001
CM2                               00000002
CMCON                             00000FB4
CMIE                              00000006
CMIF                              00000006
CMIP                              00000006
CREN                              00000004
CS                                00000002
CSRC                              00000007
CVR0                              00000000
CVR1                              00000001
CVR2                              00000002
CVR3                              00000003
CVRCON                            00000FB5
CVREF                             00000002
CVREN                             00000007
CVROE                             00000006
CVRR                              00000005
CVRSS                             00000004
Counter                           00000007
D                                 00000005
D1                                00000002
D2                                00000003
DC                                00000001
DC1B0                             00000004
DC1B1                             00000005
DC2B0                             00000004
DC2B1                             00000005
DDRA                              TRISA
DDRB                              TRISB
DDRC                              TRISC
DDRD                              TRISD
DDRE                              TRISE
DONE                              00000001
D_A                               00000005
D_NOT_A                           00000005
Delay                             00000004
Delay_High                        00000000
Delay_Low                         00000001
ECCP1AS                           00000FB6
ECCP1DEL                          00000FB7
ECCPAS                            00000FB6
ECCPAS0                           00000004
ECCPAS1                           00000005
ECCPAS2                           00000006
ECCPASE                           00000007
EEADR                             00000FA9
EECON1                            00000FA6
EECON2                            00000FA7
EEDATA                            00000FA8
EEIE                              00000004
EEIF                              00000004
MPASM  5.51                EXTERNALBUZZER.ASM   4-16-2019  11:43:41         PAGE  9


SYMBOL TABLE
  LABEL                             VALUE 

EEIP                              00000004
EEPGD                             00000007
FAST                              00000001
FERR                              00000002
FLT0                              00000000
FLTS                              00000002
FREE                              00000004
FSR0                              00000000
FSR0H                             00000FEA
FSR0L                             00000FE9
FSR1                              00000001
FSR1H                             00000FE2
FSR1L                             00000FE1
FSR2                              00000002
FSR2H                             00000FDA
FSR2L                             00000FD9
GCEN                              00000007
GIE                               00000007
GIEH                              00000007
GIEL                              00000006
GIE_GIEH                          00000007
GO                                00000001
GO_DONE                           00000001
GO_NOT_DONE                       00000001
GetFreq                           000000F0
GetNote                           00000076
HLVDCON                           00000FD2
HLVDEN                            00000004
HLVDIE                            00000002
HLVDIF                            00000002
HLVDIN                            00000005
HLVDIP                            00000002
HLVDL0                            00000000
HLVDL1                            00000001
HLVDL2                            00000002
HLVDL3                            00000003
HalfPeriod                        00000006
IBF                               00000007
IBOV                              00000005
IDLEN                             00000007
INDF0                             00000FEF
INDF1                             00000FE7
INDF2                             00000FDF
INT0                              00000000
INT0E                             00000004
INT0F                             00000001
INT0IE                            00000004
INT0IF                            00000001
INT1                              00000001
INT1E                             00000003
INT1F                             00000000
INT1IE                            00000003
INT1IF                            00000000
MPASM  5.51                EXTERNALBUZZER.ASM   4-16-2019  11:43:41         PAGE 10


SYMBOL TABLE
  LABEL                             VALUE 

INT1IP                            00000006
INT1P                             00000006
INT2                              00000002
INT2E                             00000004
INT2F                             00000001
INT2IE                            00000004
INT2IF                            00000001
INT2IP                            00000007
INT2P                             00000007
INTCON                            00000FF2
INTCON2                           00000FF1
INTCON3                           00000FF0
INTEDG0                           00000006
INTEDG1                           00000005
INTEDG2                           00000004
INTSRC                            00000007
IOFS                              00000002
IPEN                              00000007
IPR1                              00000F9F
IPR2                              00000FA2
IRCF0                             00000004
IRCF1                             00000005
IRCF2                             00000006
IRVST                             00000005
IVRST                             00000005
KBI0                              00000004
KBI1                              00000005
KBI2                              00000006
KBI3                              00000007
LATA                              00000F89
LATA0                             00000000
LATA1                             00000001
LATA2                             00000002
LATA3                             00000003
LATA4                             00000004
LATA5                             00000005
LATA6                             00000006
LATA7                             00000007
LATB                              00000F8A
LATB0                             00000000
LATB1                             00000001
LATB2                             00000002
LATB3                             00000003
LATB4                             00000004
LATB5                             00000005
LATB6                             00000006
LATB7                             00000007
LATC                              00000F8B
LATC0                             00000000
LATC1                             00000001
LATC2                             00000002
LATC3                             00000003
LATC4                             00000004
MPASM  5.51                EXTERNALBUZZER.ASM   4-16-2019  11:43:41         PAGE 11


SYMBOL TABLE
  LABEL                             VALUE 

LATC5                             00000005
LATC6                             00000006
LATC7                             00000007
LATD                              00000F8C
LATD0                             00000000
LATD1                             00000001
LATD2                             00000002
LATD3                             00000003
LATD4                             00000004
LATD5                             00000005
LATD6                             00000006
LATD7                             00000007
LATE                              00000F8D
LATE0                             00000000
LATE1                             00000001
LATE2                             00000002
LEDPin                            00000F83
LVDCON                            00000FD2
LVDEN                             00000004
LVDIE                             00000002
LVDIF                             00000002
LVDIN                             00000005
LVDIP                             00000002
LVDL0                             00000000
LVDL1                             00000001
LVDL2                             00000002
LVDL3                             00000003
LVV0                              00000000
LVV1                              00000001
LVV2                              00000002
LVV3                              00000003
Lookup7Seg                        000000C8
Lp1                               0000010E
Lp2                               00000118
MCLR                              00000003
MOVLF                             
Main                              00000050
N                                 00000004
N1                                00000158
N2                                0000015C
NOT_A                             00000005
NOT_ADDRESS                       00000005
NOT_BOR                           00000000
NOT_CS                            00000002
NOT_DONE                          00000001
NOT_MCLR                          00000003
NOT_PD                            00000002
NOT_POR                           00000001
NOT_RBPU                          00000007
NOT_RD                            00000000
NOT_RI                            00000004
NOT_SS                            00000005
NOT_T1SYNC                        00000002
MPASM  5.51                EXTERNALBUZZER.ASM   4-16-2019  11:43:41         PAGE 12


SYMBOL TABLE
  LABEL                             VALUE 

NOT_T3SYNC                        00000002
NOT_TO                            00000003
NOT_W                             00000002
NOT_WR                            00000001
NOT_WRITE                         00000002
NextNote                          00000130
Note                              00000005
OBF                               00000006
OERR                              00000001
OSC1                              00000007
OSC2                              00000006
OSCCON                            00000FD3
OSCFIE                            00000007
OSCFIF                            00000007
OSCFIP                            00000007
OSCTUNE                           00000F9B
OSTS                              00000003
OV                                00000003
P                                 00000004
P1A                               00000002
P1B                               00000005
P1C                               00000006
P1D                               00000007
P1M0                              00000006
P1M1                              00000007
PC                                00000FF9
PCFG0                             00000000
PCFG1                             00000001
PCFG2                             00000002
PCFG3                             00000003
PCL                               00000FF9
PCLATH                            00000FFA
PCLATU                            00000FFB
PD                                00000002
PDC0                              00000000
PDC1                              00000001
PDC2                              00000002
PDC3                              00000003
PDC4                              00000004
PDC5                              00000005
PDC6                              00000006
PEIE                              00000006
PEIE_GIEL                         00000006
PEN                               00000002
PGC                               00000006
PGD                               00000007
PGM                               00000005
PIE1                              00000F9D
PIE2                              00000FA0
PIR1                              00000F9E
PIR2                              00000FA1
PLLEN                             00000006
PLUSW0                            00000FEB
MPASM  5.51                EXTERNALBUZZER.ASM   4-16-2019  11:43:41         PAGE 13


SYMBOL TABLE
  LABEL                             VALUE 

PLUSW1                            00000FE3
PLUSW2                            00000FDB
POR                               00000001
PORTA                             00000F80
PORTB                             00000F81
PORTC                             00000F82
PORTD                             00000F83
PORTE                             00000F84
POSTDEC0                          00000FED
POSTDEC1                          00000FE5
POSTDEC2                          00000FDD
POSTINC0                          00000FEE
POSTINC1                          00000FE6
POSTINC2                          00000FDE
PR2                               00000FCB
PREINC0                           00000FEC
PREINC1                           00000FE4
PREINC2                           00000FDC
PROD                              00000FF3
PRODH                             00000FF4
PRODL                             00000FF3
PRSEN                             00000007
PSA                               00000003
PSP0                              00000000
PSP1                              00000001
PSP2                              00000002
PSP3                              00000003
PSP4                              00000004
PSP5                              00000005
PSP6                              00000006
PSP7                              00000007
PSPIE                             00000007
PSPIF                             00000007
PSPIP                             00000007
PSPMODE                           00000004
PSSAC0                            00000002
PSSAC1                            00000003
PSSBD0                            00000000
PSSBD1                            00000001
PWM1CON                           00000FB7
Pause                             00000154
PeriodTable                       00000800
PlayRecord                        00000128
PlaySound                         00000100
R                                 00000002
RA0                               00000000
RA1                               00000001
RA2                               00000002
RA3                               00000003
RA4                               00000004
RA5                               00000005
RA6                               00000006
RA7                               00000007
MPASM  5.51                EXTERNALBUZZER.ASM   4-16-2019  11:43:41         PAGE 14


SYMBOL TABLE
  LABEL                             VALUE 

RB0                               00000000
RB1                               00000001
RB2                               00000002
RB3                               00000003
RB4                               00000004
RB5                               00000005
RB6                               00000006
RB7                               00000007
RBIE                              00000003
RBIF                              00000000
RBIP                              00000000
RBPU                              00000007
RC0                               00000000
RC1                               00000001
RC2                               00000002
RC3                               00000003
RC4                               00000004
RC5                               00000005
RC6                               00000006
RC7                               00000007
RCEN                              00000003
RCIDL                             00000006
RCIE                              00000005
RCIF                              00000005
RCIP                              00000005
RCMT                              00000006
RCON                              00000FD0
RCREG                             00000FAE
RCSTA                             00000FAB
RD                                00000000
RD0                               00000000
RD1                               00000001
RD16                              00000007
RD2                               00000002
RD3                               00000003
RD4                               00000004
RD5                               00000005
RD6                               00000006
RD7                               00000007
RE0                               00000000
RE1                               00000001
RE2                               00000002
RE3                               00000003
RI                                00000004
RSEN                              00000001
RX                                00000007
RX9                               00000006
RX9D                              00000000
RXDTP                             00000005
R_NOT_W                           00000002
R_W                               00000002
Record                            00000008
S                                 00000003
MPASM  5.51                EXTERNALBUZZER.ASM   4-16-2019  11:43:41         PAGE 15


SYMBOL TABLE
  LABEL                             VALUE 

SBOREN                            00000006
SCK                               00000003
SCKP                              00000004
SCL                               00000003
SCS0                              00000000
SCS1                              00000001
SDA                               00000004
SDI                               00000004
SDO                               00000005
SEN                               00000000
SENDB                             00000003
SETTBL                            
SMP                               00000007
SP0                               00000000
SP1                               00000001
SP2                               00000002
SP3                               00000003
SP4                               00000004
SPBRG                             00000FAF
SPBRGH                            00000FB0
SPEN                              00000007
SREN                              00000005
SS                                00000005
SSPADD                            00000FC8
SSPBUF                            00000FC9
SSPCON1                           00000FC6
SSPCON2                           00000FC5
SSPEN                             00000005
SSPIE                             00000003
SSPIF                             00000003
SSPIP                             00000003
SSPM0                             00000000
SSPM1                             00000001
SSPM2                             00000002
SSPM3                             00000003
SSPOV                             00000006
SSPSTAT                           00000FC7
STATUS                            00000FD8
STKFUL                            00000007
STKOVF                            00000007
STKPTR                            00000FFC
STKUNF                            00000006
SWDTE                             00000000
SWDTEN                            00000000
SYNC                              00000004
Setup                             00000030
SoundPin                          00000F81
T016BIT                           00000006
T08BIT                            00000006
T0CKI                             00000004
T0CON                             00000FD5
T0CS                              00000005
T0IE                              00000005
MPASM  5.51                EXTERNALBUZZER.ASM   4-16-2019  11:43:41         PAGE 16


SYMBOL TABLE
  LABEL                             VALUE 

T0IF                              00000002
T0PS0                             00000000
T0PS1                             00000001
T0PS2                             00000002
T0PS3                             00000003
T0SE                              00000004
T13CKI                            00000000
T1CKI                             00000000
T1CKPS0                           00000004
T1CKPS1                           00000005
T1CON                             00000FCD
T1OSCEN                           00000003
T1OSI                             00000001
T1OSO                             00000000
T1RUN                             00000006
T1SYNC                            00000002
T2CKPS0                           00000000
T2CKPS1                           00000001
T2CON                             00000FCA
T2OUTPS0                          00000003
T2OUTPS1                          00000004
T2OUTPS2                          00000005
T2OUTPS3                          00000006
T3CCP1                            00000003
T3CCP2                            00000006
T3CKPS0                           00000004
T3CKPS1                           00000005
T3CON                             00000FB1
T3SYNC                            00000002
TABLAT                            00000FF5
TBLPTR                            00000FF6
TBLPTRH                           00000FF7
TBLPTRL                           00000FF6
TBLPTRU                           00000FF8
TMR0                              00000FD6
TMR0H                             00000FD7
TMR0IE                            00000005
TMR0IF                            00000002
TMR0IP                            00000002
TMR0L                             00000FD6
TMR0ON                            00000007
TMR1                              00000FCE
TMR1CS                            00000001
TMR1H                             00000FCF
TMR1IE                            00000000
TMR1IF                            00000000
TMR1IP                            00000000
TMR1L                             00000FCE
TMR1ON                            00000000
TMR2                              00000FCC
TMR2IE                            00000001
TMR2IF                            00000001
TMR2IP                            00000001
MPASM  5.51                EXTERNALBUZZER.ASM   4-16-2019  11:43:41         PAGE 17


SYMBOL TABLE
  LABEL                             VALUE 

TMR2ON                            00000002
TMR3                              00000FB2
TMR3CS                            00000001
TMR3H                             00000FB3
TMR3IE                            00000001
TMR3IF                            00000001
TMR3IP                            00000001
TMR3L                             00000FB2
TMR3ON                            00000000
TO                                00000003
TOS                               00000FFD
TOSH                              00000FFE
TOSL                              00000FFD
TOSU                              00000FFF
TOUTPS0                           00000003
TOUTPS1                           00000004
TOUTPS2                           00000005
TOUTPS3                           00000006
TRISA                             00000F92
TRISA0                            00000000
TRISA1                            00000001
TRISA2                            00000002
TRISA3                            00000003
TRISA4                            00000004
TRISA5                            00000005
TRISA6                            00000006
TRISA7                            00000007
TRISB                             00000F93
TRISB0                            00000000
TRISB1                            00000001
TRISB2                            00000002
TRISB3                            00000003
TRISB4                            00000004
TRISB5                            00000005
TRISB6                            00000006
TRISB7                            00000007
TRISC                             00000F94
TRISC0                            00000000
TRISC1                            00000001
TRISC2                            00000002
TRISC3                            00000003
TRISC4                            00000004
TRISC5                            00000005
TRISC6                            00000006
TRISC7                            00000007
TRISD                             00000F95
TRISD0                            00000000
TRISD1                            00000001
TRISD2                            00000002
TRISD3                            00000003
TRISD4                            00000004
TRISD5                            00000005
TRISD6                            00000006
MPASM  5.51                EXTERNALBUZZER.ASM   4-16-2019  11:43:41         PAGE 18


SYMBOL TABLE
  LABEL                             VALUE 

TRISD7                            00000007
TRISE                             00000F96
TRISE0                            00000000
TRISE1                            00000001
TRISE2                            00000002
TRMT                              00000001
TUN0                              00000000
TUN1                              00000001
TUN2                              00000002
TUN3                              00000003
TUN4                              00000004
TX                                00000006
TX9                               00000006
TX9D                              00000000
TXCKP                             00000004
TXEN                              00000005
TXIE                              00000004
TXIF                              00000004
TXIP                              00000004
TXREG                             00000FAD
TXSTA                             00000FAC
UA                                00000001
VCFG0                             00000004
VCFG1                             00000005
VDIRMAG                           00000007
VPP                               00000003
VREFN                             00000002
VREFP                             00000003
W                                 00000000
WCOL                              00000007
WDTCON                            00000FD1
WR                                00000001
WREG                              00000FE8
WREN                              00000002
WRERR                             00000003
WUE                               00000001
Z                                 00000002
_BOREN_NOSLP_2L                   000000FD
_BOREN_OFF_2L                     000000F9
_BOREN_ON_2L                      000000FB
_BOREN_SBORDIS_2L                 000000FF
_BORV_0_2L                        000000E7
_BORV_1_2L                        000000EF
_BORV_2_2L                        000000F7
_BORV_3_2L                        000000FF
_CCP2MX_PORTBE_3H                 000000FE
_CCP2MX_PORTC_3H                  000000FF
_CONFIG1H                         00300001
_CONFIG2H                         00300003
_CONFIG2L                         00300002
_CONFIG3H                         00300005
_CONFIG4L                         00300006
_CONFIG5H                         00300009
MPASM  5.51                EXTERNALBUZZER.ASM   4-16-2019  11:43:41         PAGE 19


SYMBOL TABLE
  LABEL                             VALUE 

_CONFIG5L                         00300008
_CONFIG6H                         0030000B
_CONFIG6L                         0030000A
_CONFIG7H                         0030000D
_CONFIG7L                         0030000C
_CP0_OFF_5L                       000000FF
_CP0_ON_5L                        000000FE
_CP1_OFF_5L                       000000FF
_CP1_ON_5L                        000000FD
_CP2_OFF_5L                       000000FF
_CP2_ON_5L                        000000FB
_CP3_OFF_5L                       000000FF
_CP3_ON_5L                        000000F7
_CPB_OFF_5H                       000000FF
_CPB_ON_5H                        000000BF
_CPD_OFF_5H                       000000FF
_CPD_ON_5H                        0000007F
_DEBUG_OFF_4L                     000000FF
_DEBUG_ON_4L                      0000007F
_DEVID1                           003FFFFE
_DEVID2                           003FFFFF
_EBTR0_OFF_7L                     000000FF
_EBTR0_ON_7L                      000000FE
_EBTR1_OFF_7L                     000000FF
_EBTR1_ON_7L                      000000FD
_EBTR2_OFF_7L                     000000FF
_EBTR2_ON_7L                      000000FB
_EBTR3_OFF_7L                     000000FF
_EBTR3_ON_7L                      000000F7
_EBTRB_OFF_7H                     000000FF
_EBTRB_ON_7H                      000000BF
_FCMEN_OFF_1H                     000000BF
_FCMEN_ON_1H                      000000FF
_IDLOC0                           00200000
_IDLOC1                           00200001
_IDLOC2                           00200002
_IDLOC3                           00200003
_IDLOC4                           00200004
_IDLOC5                           00200005
_IDLOC6                           00200006
_IDLOC7                           00200007
_IESO_OFF_1H                      0000007F
_IESO_ON_1H                       000000FF
_LPT1OSC_OFF_3H                   000000FB
_LPT1OSC_ON_3H                    000000FF
_LVP_OFF_4L                       000000FB
_LVP_ON_4L                        000000FF
_MCLRE_OFF_3H                     0000007F
_MCLRE_ON_3H                      000000FF
_OSC_ECIO6_1H                     000000F5
_OSC_EC_1H                        000000F4
_OSC_HSPLL_1H                     000000F6
_OSC_HS_1H                        000000F2
MPASM  5.51                EXTERNALBUZZER.ASM   4-16-2019  11:43:41         PAGE 20


SYMBOL TABLE
  LABEL                             VALUE 

_OSC_INTIO67_1H                   000000F8
_OSC_INTIO7_1H                    000000F9
_OSC_LP_1H                        000000F0
_OSC_RCIO6_1H                     000000F7
_OSC_RC_1H                        000000F3
_OSC_XT_1H                        000000F1
_PBADEN_OFF_3H                    000000FD
_PBADEN_ON_3H                     000000FF
_PWRT_OFF_2L                      000000FF
_PWRT_ON_2L                       000000FE
_STVREN_OFF_4L                    000000FE
_STVREN_ON_4L                     000000FF
_WDTPS_1024_2H                    000000F5
_WDTPS_128_2H                     000000EF
_WDTPS_16384_2H                   000000FD
_WDTPS_16_2H                      000000E9
_WDTPS_1_2H                       000000E1
_WDTPS_2048_2H                    000000F7
_WDTPS_256_2H                     000000F1
_WDTPS_2_2H                       000000E3
_WDTPS_32768_2H                   000000FF
_WDTPS_32_2H                      000000EB
_WDTPS_4096_2H                    000000F9
_WDTPS_4_2H                       000000E5
_WDTPS_512_2H                     000000F3
_WDTPS_64_2H                      000000ED
_WDTPS_8192_2H                    000000FB
_WDTPS_8_2H                       000000E7
_WDT_OFF_2H                       000000FE
_WDT_ON_2H                        000000FF
_WRT0_OFF_6L                      000000FF
_WRT0_ON_6L                       000000FE
_WRT1_OFF_6L                      000000FF
_WRT1_ON_6L                       000000FD
_WRT2_OFF_6L                      000000FF
_WRT2_ON_6L                       000000FB
_WRT3_OFF_6L                      000000FF
_WRT3_ON_6L                       000000F7
_WRTB_OFF_6H                      000000FF
_WRTB_ON_6H                       000000BF
_WRTC_OFF_6H                      000000FF
_WRTC_ON_6H                       000000DF
_WRTD_OFF_6H                      000000FF
_WRTD_ON_6H                       0000007F
_XINST_OFF_4L                     000000BF
_XINST_ON_4L                      000000FF
__18F4520                         00000001
MPASM  5.51                EXTERNALBUZZER.ASM   4-16-2019  11:43:41         PAGE 21


MEMORY USAGE MAP ('X' = Used,  '-' = Unused)


0000 : XXXX------------ ---------------- ---------------- XXXXXXXXXXXXXXXX
0040 : XXXXXXXXXXXXXXXX XXXXXXXXXXXXXXXX XXXXXXXXXXXXXXXX XXXXXXXXXXXXXXXX
0080 : XXXXXXXXXXXXXXXX XXXXXXXXXXXXXXXX XXXXXXXXXXXXXXXX XXXXXXXXXXXXXXXX
00C0 : XXXXXXXXXXXXXXXX XXXXXXXXXXXXXXXX XXXXXXXXXXXXXXXX XXXXXXXXXXXXXXXX
0100 : XXXXXXXXXXXXXXXX XXXXXXXXXXXXXXXX XXXXXXXXXXXXXXXX XXXXXXXXXXXXXXXX
0140 : XXXXXXXXXXXXXXXX XXXXXXXXXXXXXXXX XXXXXXXX-------- ----------------
0800 : XXXXXXXXXXXXXXXX ---------------- ---------------- ----------------
0000 : -XXX-XX-XXXXXX-- ---------------- ---------------- ----------------

All other memory blocks unused.

Program Memory Bytes Used:   343
Program Memory Bytes Free: 32425


Errors   :     0
Warnings :     0 reported,     0 suppressed
Messages :     0 reported,     0 suppressed

